------------------------------------------------------------------------------------------------------------------------

[2025-05-15 12:52:00 #1 store] 
Database 'C:\Users\Ilargi\Desktop\IS-1\PROYECTO GLOBAL\Implementacion\Proyecto_KIROL4ALL\Rides24\src\main\resources\rides.temp' is opened by 17400@DESKTOP-HSBRNNI

[2025-05-15 12:52:00 #2 type.registry] 
New type domain.Socio

[2025-05-15 12:52:00 #3 type] 
Type domain.Socio is not enhanced.

[2025-05-15 12:52:00 #4 type.registry] 
New type domain.Factura

[2025-05-15 12:52:00 #5 type.registry] 
New type domain.Reserva

[2025-05-15 12:52:00 #6 type.registry] 
New type domain.TarjetaCuenta

[2025-05-15 12:52:00 #7 type] 
Type domain.Factura is not enhanced.

[2025-05-15 12:52:00 #8 type] 
Type domain.Reserva is not enhanced.

[2025-05-15 12:52:00 #9 type.registry] 
New type domain.Sesion

[2025-05-15 12:52:00 #10 type] 
Type domain.TarjetaCuenta is not enhanced.

[2025-05-15 12:52:00 #11 type] 
Type domain.Sesion is not enhanced.

[2025-05-15 12:52:00 #12 type.registry] 
New type domain.Sala

[2025-05-15 12:52:00 #13 type.registry] 
New type domain.Actividad

[2025-05-15 12:52:00 #14 type] 
Type domain.Sala is not enhanced.

[2025-05-15 12:52:00 #15 type] 
Type domain.Actividad is not enhanced.

[2025-05-15 12:52:00 #16 type.registry] 
New type java.util.ArrayList<java.lang.Object>

[2025-05-15 12:52:00 #17 type.registry] 
New type java.util.ArrayList<domain.Reserva>

[2025-05-15 12:52:00 #18 type.registry] 
New type java.util.ArrayList<domain.Factura>

[2025-05-15 12:52:06 #19 type.registry] 
New type domain.Encargado

[2025-05-15 12:52:06 #20 type] 
Type domain.Encargado is not enhanced.

------------------------------------------------------------------------------------------------------------------------

[2025-05-15 12:59:56 #1 store] 
Database 'C:\Users\Ilargi\Desktop\IS-1\PROYECTO GLOBAL\Implementacion\Proyecto_KIROL4ALL\Rides24\src\main\resources\rides.temp' is opened by 4084@DESKTOP-HSBRNNI

[2025-05-15 12:59:56 #2 type.registry] 
New type domain.Socio

[2025-05-15 12:59:56 #3 type] 
Type domain.Socio is not enhanced.

[2025-05-15 12:59:56 #4 type.registry] 
New type domain.Factura

[2025-05-15 12:59:56 #5 type.registry] 
New type domain.Reserva

[2025-05-15 12:59:56 #6 type.registry] 
New type domain.TarjetaCuenta

[2025-05-15 12:59:56 #7 type] 
Type domain.Factura is not enhanced.

[2025-05-15 12:59:56 #8 type] 
Type domain.Reserva is not enhanced.

[2025-05-15 12:59:56 #9 type.registry] 
New type domain.Sesion

[2025-05-15 12:59:56 #10 type] 
Type domain.TarjetaCuenta is not enhanced.

[2025-05-15 12:59:56 #11 type] 
Type domain.Sesion is not enhanced.

[2025-05-15 12:59:56 #12 type.registry] 
New type domain.Sala

[2025-05-15 12:59:56 #13 type.registry] 
New type domain.Actividad

[2025-05-15 12:59:56 #14 type] 
Type domain.Sala is not enhanced.

[2025-05-15 12:59:56 #15 type] 
Type domain.Actividad is not enhanced.

[2025-05-15 12:59:56 #16 type.registry] 
New type java.util.ArrayList<java.lang.Object>

[2025-05-15 12:59:56 #17 type.registry] 
New type java.util.ArrayList<domain.Reserva>

[2025-05-15 12:59:56 #18 type.registry] 
New type java.util.ArrayList<domain.Factura>

[2025-05-15 13:00:02 #19 type.registry] 
New type domain.Encargado

[2025-05-15 13:00:02 #20 type] 
Type domain.Encargado is not enhanced.

------------------------------------------------------------------------------------------------------------------------

[2025-05-15 13:02:14 #1 store] 
Database 'C:\Users\Ilargi\Desktop\IS-1\PROYECTO GLOBAL\Implementacion\Proyecto_KIROL4ALL\Rides24\src\main\resources\rides.temp' is opened by 2736@DESKTOP-HSBRNNI

[2025-05-15 13:02:14 #2 type.registry] 
New type domain.Socio

[2025-05-15 13:02:14 #3 type] 
Type domain.Socio is not enhanced.

[2025-05-15 13:02:14 #4 type.registry] 
New type domain.Factura

[2025-05-15 13:02:14 #5 type.registry] 
New type domain.Reserva

[2025-05-15 13:02:14 #6 type.registry] 
New type domain.TarjetaCuenta

[2025-05-15 13:02:14 #7 type] 
Type domain.Factura is not enhanced.

[2025-05-15 13:02:14 #8 type] 
Type domain.Reserva is not enhanced.

[2025-05-15 13:02:14 #9 type.registry] 
New type domain.Sesion

[2025-05-15 13:02:14 #10 type] 
Type domain.TarjetaCuenta is not enhanced.

[2025-05-15 13:02:14 #11 type] 
Type domain.Sesion is not enhanced.

[2025-05-15 13:02:14 #12 type.registry] 
New type domain.Sala

[2025-05-15 13:02:14 #13 type.registry] 
New type domain.Actividad

[2025-05-15 13:02:14 #14 type] 
Type domain.Sala is not enhanced.

[2025-05-15 13:02:14 #15 type] 
Type domain.Actividad is not enhanced.

[2025-05-15 13:02:14 #16 type.registry] 
New type java.util.ArrayList<java.lang.Object>

[2025-05-15 13:02:14 #17 type.registry] 
New type java.util.ArrayList<domain.Reserva>

[2025-05-15 13:02:14 #18 type.registry] 
New type java.util.ArrayList<domain.Factura>

[2025-05-15 13:02:20 #19 type.registry] 
New type domain.Encargado

[2025-05-15 13:02:20 #20 type] 
Type domain.Encargado is not enhanced.

------------------------------------------------------------------------------------------------------------------------

[2025-05-15 17:53:18 #1 store] 
Database 'C:\Users\Ilargi\Desktop\IS-1\PROYECTO GLOBAL\Implementacion\Proyecto_KIROL4ALL\Rides24\src\main\resources\rides.temp' is opened by 4468@DESKTOP-HSBRNNI

[2025-05-15 17:53:18 #2 type.registry] 
New type domain.Socio

[2025-05-15 17:53:18 #3 type] 
Type domain.Socio is not enhanced.

[2025-05-15 17:53:18 #4 type.registry] 
New type domain.Factura

[2025-05-15 17:53:18 #5 type.registry] 
New type domain.Reserva

[2025-05-15 17:53:18 #6 type.registry] 
New type domain.TarjetaCuenta

[2025-05-15 17:53:18 #7 type] 
Type domain.Factura is not enhanced.

[2025-05-15 17:53:18 #8 type] 
Type domain.Reserva is not enhanced.

[2025-05-15 17:53:18 #9 type.registry] 
New type domain.Sesion

[2025-05-15 17:53:18 #10 type] 
Type domain.TarjetaCuenta is not enhanced.

[2025-05-15 17:53:18 #11 type] 
Type domain.Sesion is not enhanced.

[2025-05-15 17:53:18 #12 type.registry] 
New type domain.Sala

[2025-05-15 17:53:18 #13 type.registry] 
New type domain.Actividad

[2025-05-15 17:53:18 #14 type] 
Type domain.Sala is not enhanced.

[2025-05-15 17:53:18 #15 type] 
Type domain.Actividad is not enhanced.

[2025-05-15 17:53:19 #16 type.registry] 
New type java.util.ArrayList<java.lang.Object>

[2025-05-15 17:53:19 #17 type.registry] 
New type java.util.ArrayList<domain.Reserva>

[2025-05-15 17:53:19 #18 type.registry] 
New type java.util.ArrayList<domain.Factura>

[2025-05-15 17:53:31 #19 type.registry] 
New type domain.Encargado

[2025-05-15 17:53:31 #20 type] 
Type domain.Encargado is not enhanced.

------------------------------------------------------------------------------------------------------------------------

[2025-05-15 17:55:25 #1 store] 
Database 'C:\Users\Ilargi\Desktop\IS-1\PROYECTO GLOBAL\Implementacion\Proyecto_KIROL4ALL\Rides24\src\main\resources\rides.temp' is opened by 11720@DESKTOP-HSBRNNI

[2025-05-15 17:55:25 #2 type.registry] 
New type domain.Socio

[2025-05-15 17:55:25 #3 type] 
Type domain.Socio is not enhanced.

[2025-05-15 17:55:25 #4 type.registry] 
New type domain.Factura

[2025-05-15 17:55:25 #5 type.registry] 
New type domain.Reserva

[2025-05-15 17:55:25 #6 type.registry] 
New type domain.TarjetaCuenta

[2025-05-15 17:55:25 #7 type] 
Type domain.Factura is not enhanced.

[2025-05-15 17:55:25 #8 type] 
Type domain.Reserva is not enhanced.

[2025-05-15 17:55:25 #9 type.registry] 
New type domain.Sesion

[2025-05-15 17:55:25 #10 type] 
Type domain.TarjetaCuenta is not enhanced.

[2025-05-15 17:55:25 #11 type] 
Type domain.Sesion is not enhanced.

[2025-05-15 17:55:25 #12 type.registry] 
New type domain.Sala

[2025-05-15 17:55:25 #13 type.registry] 
New type domain.Actividad

[2025-05-15 17:55:25 #14 type] 
Type domain.Sala is not enhanced.

[2025-05-15 17:55:25 #15 type] 
Type domain.Actividad is not enhanced.

[2025-05-15 17:55:25 #16 type.registry] 
New type java.util.ArrayList<java.lang.Object>

[2025-05-15 17:55:25 #17 type.registry] 
New type java.util.ArrayList<domain.Reserva>

[2025-05-15 17:55:25 #18 type.registry] 
New type java.util.ArrayList<domain.Factura>

[2025-05-15 17:55:35 #19 type.registry] 
New type domain.Encargado

[2025-05-15 17:55:35 #20 type] 
Type domain.Encargado is not enhanced.

------------------------------------------------------------------------------------------------------------------------

[2025-05-15 17:58:27 #1 store] 
Database 'C:\Users\Ilargi\Desktop\IS-1\PROYECTO GLOBAL\Implementacion\Proyecto_KIROL4ALL\Rides24\src\main\resources\rides.temp' is opened by 12896@DESKTOP-HSBRNNI

[2025-05-15 17:58:27 #2 type.registry] 
New type domain.Socio

[2025-05-15 17:58:27 #3 type] 
Type domain.Socio is not enhanced.

[2025-05-15 17:58:27 #4 type.registry] 
New type domain.Factura

[2025-05-15 17:58:27 #5 type.registry] 
New type domain.Reserva

[2025-05-15 17:58:27 #6 type.registry] 
New type domain.TarjetaCuenta

[2025-05-15 17:58:27 #7 type] 
Type domain.Factura is not enhanced.

[2025-05-15 17:58:27 #8 type] 
Type domain.Reserva is not enhanced.

[2025-05-15 17:58:27 #9 type.registry] 
New type domain.Sesion

[2025-05-15 17:58:27 #10 type] 
Type domain.TarjetaCuenta is not enhanced.

[2025-05-15 17:58:27 #11 type] 
Type domain.Sesion is not enhanced.

[2025-05-15 17:58:27 #12 type.registry] 
New type domain.Sala

[2025-05-15 17:58:27 #13 type.registry] 
New type domain.Actividad

[2025-05-15 17:58:27 #14 type] 
Type domain.Sala is not enhanced.

[2025-05-15 17:58:27 #15 type] 
Type domain.Actividad is not enhanced.

[2025-05-15 17:58:27 #16 type.registry] 
New type java.util.ArrayList<java.lang.Object>

[2025-05-15 17:58:27 #17 type.registry] 
New type java.util.ArrayList<domain.Reserva>

[2025-05-15 17:58:27 #18 type.registry] 
New type java.util.ArrayList<domain.Factura>

[2025-05-15 17:58:37 #19 type.registry] 
New type domain.Encargado

[2025-05-15 17:58:37 #20 type] 
Type domain.Encargado is not enhanced.

------------------------------------------------------------------------------------------------------------------------

[2025-05-15 18:12:29 #1 store] 
Database 'C:\Users\Ilargi\Desktop\IS-1\PROYECTO GLOBAL\Implementacion\Proyecto_KIROL4ALL\Rides24\src\main\resources\rides.temp' is opened by 16984@DESKTOP-HSBRNNI

[2025-05-15 18:12:29 #2 type.registry] 
New type domain.Socio

[2025-05-15 18:12:29 #3 type] 
Type domain.Socio is not enhanced.

[2025-05-15 18:12:29 #4 type.registry] 
New type domain.Factura

[2025-05-15 18:12:29 #5 type.registry] 
New type domain.Reserva

[2025-05-15 18:12:29 #6 type.registry] 
New type domain.TarjetaCuenta

[2025-05-15 18:12:29 #7 type] 
Type domain.Factura is not enhanced.

[2025-05-15 18:12:29 #8 type] 
Type domain.Reserva is not enhanced.

[2025-05-15 18:12:29 #9 type.registry] 
New type domain.Sesion

[2025-05-15 18:12:29 #10 type] 
Type domain.TarjetaCuenta is not enhanced.

[2025-05-15 18:12:29 #11 type] 
Type domain.Sesion is not enhanced.

[2025-05-15 18:12:29 #12 type.registry] 
New type domain.Sala

[2025-05-15 18:12:29 #13 type.registry] 
New type domain.Actividad

[2025-05-15 18:12:29 #14 type] 
Type domain.Sala is not enhanced.

[2025-05-15 18:12:29 #15 type] 
Type domain.Actividad is not enhanced.

[2025-05-15 18:12:30 #16 type.registry] 
New type java.util.ArrayList<java.lang.Object>

[2025-05-15 18:12:30 #17 type.registry] 
New type java.util.ArrayList<domain.Reserva>

[2025-05-15 18:12:30 #18 type.registry] 
New type java.util.ArrayList<domain.Factura>

[2025-05-15 18:12:40 #19 type.registry] 
New type domain.Encargado

[2025-05-15 18:12:40 #20 type] 
Type domain.Encargado is not enhanced.

------------------------------------------------------------------------------------------------------------------------

[2025-05-15 18:36:38 #1 store] 
Database 'C:\Users\Ilargi\Desktop\IS-1\PROYECTO GLOBAL\Implementacion\Proyecto_KIROL4ALL\Rides24\src\main\resources\rides.temp' is opened by 18604@DESKTOP-HSBRNNI

[2025-05-15 18:36:38 #2 type.registry] 
New type domain.Socio

[2025-05-15 18:36:38 #3 type] 
Type domain.Socio is not enhanced.

[2025-05-15 18:36:38 #4 type.registry] 
New type domain.Factura

[2025-05-15 18:36:38 #5 type.registry] 
New type domain.Reserva

[2025-05-15 18:36:38 #6 type.registry] 
New type domain.TarjetaCuenta

[2025-05-15 18:36:38 #7 type] 
Type domain.Factura is not enhanced.

[2025-05-15 18:36:38 #8 type] 
Type domain.Reserva is not enhanced.

[2025-05-15 18:36:38 #9 type.registry] 
New type domain.Sesion

[2025-05-15 18:36:38 #10 type] 
Type domain.TarjetaCuenta is not enhanced.

[2025-05-15 18:36:38 #11 type] 
Type domain.Sesion is not enhanced.

[2025-05-15 18:36:38 #12 type.registry] 
New type domain.Sala

[2025-05-15 18:36:38 #13 type.registry] 
New type domain.Actividad

[2025-05-15 18:36:38 #14 type] 
Type domain.Sala is not enhanced.

[2025-05-15 18:36:38 #15 type] 
Type domain.Actividad is not enhanced.

[2025-05-15 18:36:38 #16 type.registry] 
New type java.util.ArrayList<java.lang.Object>

[2025-05-15 18:36:38 #17 type.registry] 
New type java.util.ArrayList<domain.Reserva>

[2025-05-15 18:36:38 #18 type.registry] 
New type java.util.ArrayList<domain.Factura>

[2025-05-15 18:36:49 #19 type.registry] 
New type domain.Encargado

[2025-05-15 18:36:49 #20 type] 
Type domain.Encargado is not enhanced.

------------------------------------------------------------------------------------------------------------------------

[2025-05-15 18:41:21 #1 store] 
Database 'C:\Users\Ilargi\Desktop\IS-1\PROYECTO GLOBAL\Implementacion\Proyecto_KIROL4ALL\Rides24\src\main\resources\rides.temp' is opened by 2704@DESKTOP-HSBRNNI

[2025-05-15 18:41:21 #2 type.registry] 
New type domain.Socio

[2025-05-15 18:41:21 #3 type] 
Type domain.Socio is not enhanced.

[2025-05-15 18:41:21 #4 type.registry] 
New type domain.Factura

[2025-05-15 18:41:21 #5 type.registry] 
New type domain.Reserva

[2025-05-15 18:41:21 #6 type.registry] 
New type domain.TarjetaCuenta

[2025-05-15 18:41:21 #7 type] 
Type domain.Factura is not enhanced.

[2025-05-15 18:41:21 #8 type] 
Type domain.Reserva is not enhanced.

[2025-05-15 18:41:21 #9 type.registry] 
New type domain.Sesion

[2025-05-15 18:41:21 #10 type] 
Type domain.TarjetaCuenta is not enhanced.

[2025-05-15 18:41:21 #11 type] 
Type domain.Sesion is not enhanced.

[2025-05-15 18:41:21 #12 type.registry] 
New type domain.Sala

[2025-05-15 18:41:21 #13 type.registry] 
New type domain.Actividad

[2025-05-15 18:41:21 #14 type] 
Type domain.Sala is not enhanced.

[2025-05-15 18:41:21 #15 type] 
Type domain.Actividad is not enhanced.

[2025-05-15 18:41:21 #16 type.registry] 
New type java.util.ArrayList<java.lang.Object>

[2025-05-15 18:41:21 #17 type.registry] 
New type java.util.ArrayList<domain.Reserva>

[2025-05-15 18:41:21 #18 type.registry] 
New type java.util.ArrayList<domain.Factura>

[2025-05-15 18:41:31 #19 type.registry] 
New type domain.Encargado

[2025-05-15 18:41:31 #20 type] 
Type domain.Encargado is not enhanced.

------------------------------------------------------------------------------------------------------------------------

[2025-05-15 18:46:22 #1 store] 
Database 'C:\Users\Ilargi\Desktop\IS-1\PROYECTO GLOBAL\Implementacion\Proyecto_KIROL4ALL\Rides24\src\main\resources\rides.temp' is opened by 7512@DESKTOP-HSBRNNI

[2025-05-15 18:46:22 #2 type.registry] 
New type domain.Socio

[2025-05-15 18:46:22 #3 type] 
Type domain.Socio is not enhanced.

[2025-05-15 18:46:22 #4 type.registry] 
New type domain.Factura

[2025-05-15 18:46:22 #5 type.registry] 
New type domain.Reserva

[2025-05-15 18:46:22 #6 type.registry] 
New type domain.TarjetaCuenta

[2025-05-15 18:46:22 #7 type] 
Type domain.Factura is not enhanced.

[2025-05-15 18:46:22 #8 type] 
Type domain.Reserva is not enhanced.

[2025-05-15 18:46:22 #9 type.registry] 
New type domain.Sesion

[2025-05-15 18:46:22 #10 type] 
Type domain.TarjetaCuenta is not enhanced.

[2025-05-15 18:46:22 #11 type] 
Type domain.Sesion is not enhanced.

[2025-05-15 18:46:22 #12 type.registry] 
New type domain.Sala

[2025-05-15 18:46:22 #13 type.registry] 
New type domain.Actividad

[2025-05-15 18:46:22 #14 type] 
Type domain.Sala is not enhanced.

[2025-05-15 18:46:22 #15 type] 
Type domain.Actividad is not enhanced.

[2025-05-15 18:46:22 #16 type.registry] 
New type java.util.ArrayList<java.lang.Object>

[2025-05-15 18:46:22 #17 type.registry] 
New type java.util.ArrayList<domain.Reserva>

[2025-05-15 18:46:22 #18 type.registry] 
New type java.util.ArrayList<domain.Factura>

[2025-05-15 18:46:33 #19 type.registry] 
New type domain.Encargado

[2025-05-15 18:46:33 #20 type] 
Type domain.Encargado is not enhanced.

------------------------------------------------------------------------------------------------------------------------

[2025-05-15 19:01:28 #1 store] 
Database 'C:\Users\Ilargi\Desktop\IS-1\PROYECTO GLOBAL\Implementacion\Proyecto_KIROL4ALL\Rides24\src\main\resources\rides.temp' is opened by 17892@DESKTOP-HSBRNNI

[2025-05-15 19:01:28 #2 type.registry] 
New type domain.Socio

[2025-05-15 19:01:28 #3 type] 
Type domain.Socio is not enhanced.

[2025-05-15 19:01:28 #4 type.registry] 
New type domain.Factura

[2025-05-15 19:01:28 #5 type.registry] 
New type domain.Reserva

[2025-05-15 19:01:28 #6 type.registry] 
New type domain.TarjetaCuenta

[2025-05-15 19:01:28 #7 type] 
Type domain.Factura is not enhanced.

[2025-05-15 19:01:28 #8 type] 
Type domain.Reserva is not enhanced.

[2025-05-15 19:01:28 #9 type.registry] 
New type domain.Sesion

[2025-05-15 19:01:28 #10 type] 
Type domain.TarjetaCuenta is not enhanced.

[2025-05-15 19:01:28 #11 type] 
Type domain.Sesion is not enhanced.

[2025-05-15 19:01:28 #12 type.registry] 
New type domain.Sala

[2025-05-15 19:01:28 #13 type.registry] 
New type domain.Actividad

[2025-05-15 19:01:28 #14 type] 
Type domain.Sala is not enhanced.

[2025-05-15 19:01:28 #15 type] 
Type domain.Actividad is not enhanced.

[2025-05-15 19:01:28 #16 type.registry] 
New type java.util.ArrayList<java.lang.Object>

[2025-05-15 19:01:28 #17 type.registry] 
New type java.util.ArrayList<domain.Reserva>

[2025-05-15 19:01:28 #18 type.registry] 
New type java.util.ArrayList<domain.Factura>

[2025-05-15 19:01:38 #19 type.registry] 
New type domain.Encargado

[2025-05-15 19:01:38 #20 type] 
Type domain.Encargado is not enhanced.

------------------------------------------------------------------------------------------------------------------------

[2025-05-15 19:18:52 #1 store] 
Database 'C:\Users\Ilargi\Desktop\IS-1\PROYECTO GLOBAL\Implementacion\Proyecto_KIROL4ALL\Rides24\src\main\resources\rides.temp' is opened by 18832@DESKTOP-HSBRNNI

[2025-05-15 19:18:52 #2 type.registry] 
New type domain.Socio

[2025-05-15 19:18:52 #3 type] 
Type domain.Socio is not enhanced.

[2025-05-15 19:18:52 #4 type.registry] 
New type domain.Factura

[2025-05-15 19:18:52 #5 type.registry] 
New type domain.Reserva

[2025-05-15 19:18:52 #6 type.registry] 
New type domain.TarjetaCuenta

[2025-05-15 19:18:52 #7 type] 
Type domain.Factura is not enhanced.

[2025-05-15 19:18:52 #8 type] 
Type domain.Reserva is not enhanced.

[2025-05-15 19:18:52 #9 type.registry] 
New type domain.Sesion

[2025-05-15 19:18:52 #10 type] 
Type domain.TarjetaCuenta is not enhanced.

[2025-05-15 19:18:52 #11 type] 
Type domain.Sesion is not enhanced.

[2025-05-15 19:18:52 #12 type.registry] 
New type domain.Sala

[2025-05-15 19:18:52 #13 type.registry] 
New type domain.Actividad

[2025-05-15 19:18:52 #14 type] 
Type domain.Sala is not enhanced.

[2025-05-15 19:18:52 #15 type] 
Type domain.Actividad is not enhanced.

[2025-05-15 19:18:52 #16 type.registry] 
New type java.util.ArrayList<java.lang.Object>

[2025-05-15 19:18:52 #17 type.registry] 
New type java.util.ArrayList<domain.Reserva>

[2025-05-15 19:18:52 #18 type.registry] 
New type java.util.ArrayList<domain.Factura>

------------------------------------------------------------------------------------------------------------------------

[2025-05-15 21:52:08 #1 store] 
Database 'C:\Users\Ilargi\Desktop\IS-1\PROYECTO GLOBAL\Implementacion\Proyecto_KIROL4ALL\Rides24\src\main\resources\rides.temp' is opened by 9792@DESKTOP-HSBRNNI

[2025-05-15 21:52:08 #2 type.registry] 
New type domain.Socio

[2025-05-15 21:52:08 #3 type] 
Type domain.Socio is not enhanced.

[2025-05-15 21:52:09 #4 type.registry] 
New type domain.Factura

[2025-05-15 21:52:09 #5 type.registry] 
New type domain.Reserva

[2025-05-15 21:52:09 #6 type.registry] 
New type domain.TarjetaCuenta

[2025-05-15 21:52:09 #7 type] 
Type domain.Factura is not enhanced.

[2025-05-15 21:52:09 #8 type] 
Type domain.Reserva is not enhanced.

[2025-05-15 21:52:09 #9 type.registry] 
New type domain.Sesion

[2025-05-15 21:52:09 #10 type] 
Type domain.TarjetaCuenta is not enhanced.

[2025-05-15 21:52:09 #11 type] 
Type domain.Sesion is not enhanced.

[2025-05-15 21:52:09 #12 type.registry] 
New type domain.Sala

[2025-05-15 21:52:09 #13 type.registry] 
New type domain.Actividad

[2025-05-15 21:52:09 #14 type] 
Type domain.Sala is not enhanced.

[2025-05-15 21:52:09 #15 type] 
Type domain.Actividad is not enhanced.

[2025-05-15 21:52:09 #16 type.registry] 
New type java.util.ArrayList<java.lang.Object>

[2025-05-15 21:52:09 #17 type.registry] 
New type java.util.ArrayList<domain.Reserva>

[2025-05-15 21:52:09 #18 type.registry] 
New type java.util.ArrayList<domain.Factura>

------------------------------------------------------------------------------------------------------------------------

[2025-05-15 21:54:33 #1 store] 
Database 'C:\Users\Ilargi\Desktop\IS-1\PROYECTO GLOBAL\Implementacion\Proyecto_KIROL4ALL\Rides24\src\main\resources\rides.temp' is opened by 3596@DESKTOP-HSBRNNI

[2025-05-15 21:54:33 #2 type.registry] 
New type domain.Socio

[2025-05-15 21:54:33 #3 type] 
Type domain.Socio is not enhanced.

[2025-05-15 21:54:33 #4 type.registry] 
New type domain.Factura

[2025-05-15 21:54:33 #5 type.registry] 
New type domain.Reserva

[2025-05-15 21:54:33 #6 type.registry] 
New type domain.TarjetaCuenta

[2025-05-15 21:54:33 #7 type] 
Type domain.Factura is not enhanced.

[2025-05-15 21:54:33 #8 type] 
Type domain.Reserva is not enhanced.

[2025-05-15 21:54:33 #9 type.registry] 
New type domain.Sesion

[2025-05-15 21:54:33 #10 type] 
Type domain.TarjetaCuenta is not enhanced.

[2025-05-15 21:54:33 #11 type] 
Type domain.Sesion is not enhanced.

[2025-05-15 21:54:33 #12 type.registry] 
New type domain.Sala

[2025-05-15 21:54:33 #13 type.registry] 
New type domain.Actividad

[2025-05-15 21:54:33 #14 type] 
Type domain.Sala is not enhanced.

[2025-05-15 21:54:33 #15 type] 
Type domain.Actividad is not enhanced.

[2025-05-15 21:54:34 #16 type.registry] 
New type java.util.ArrayList<java.lang.Object>

[2025-05-15 21:54:34 #17 type.registry] 
New type java.util.ArrayList<domain.Reserva>

[2025-05-15 21:54:34 #18 type.registry] 
New type java.util.ArrayList<domain.Factura>

------------------------------------------------------------------------------------------------------------------------

[2025-05-15 22:17:44 #1 server] 
Server on port 6136 has started by 18272@DESKTOP-HSBRNNI

[2025-05-15 22:17:48 #2 store] 
Database 'C:\Users\Ilargi\Desktop\IS-1\PROYECTO GLOBAL\Implementacion\Proyecto_KIROL4ALL\Rides24\src\main\resources\db\src\main\resources\rides.temp' is opened by 18272@DESKTOP-HSBRNNI

------------------------------------------------------------------------------------------------------------------------

[2025-05-15 22:18:44 #1 type.registry] 
New type domain.Socio

[2025-05-15 22:18:44 #2 type] 
Type domain.Socio is not enhanced.

[2025-05-15 22:18:44 #3 type.registry] 
New type domain.Factura

[2025-05-15 22:18:44 #4 type.registry] 
New type domain.Reserva

[2025-05-15 22:18:44 #5 type.registry] 
New type domain.TarjetaCuenta

[2025-05-15 22:18:44 #6 type] 
Type domain.Factura is not enhanced.

[2025-05-15 22:18:44 #7 type] 
Type domain.Reserva is not enhanced.

[2025-05-15 22:18:44 #8 type.registry] 
New type domain.Sesion

[2025-05-15 22:18:44 #9 type] 
Type domain.TarjetaCuenta is not enhanced.

[2025-05-15 22:18:44 #10 type] 
Type domain.Sesion is not enhanced.

[2025-05-15 22:18:44 #11 type.registry] 
New type domain.Sala

[2025-05-15 22:18:44 #12 type.registry] 
New type domain.Actividad

[2025-05-15 22:18:44 #13 type] 
Type domain.Sala is not enhanced.

[2025-05-15 22:18:44 #14 type] 
Type domain.Actividad is not enhanced.

[2025-05-15 22:18:44 #15 type.registry] 
New type domain.Encargado

[2025-05-15 22:18:44 #16 type] 
Type domain.Encargado is not enhanced.

------------------------------------------------------------------------------------------------------------------------

[2025-05-15 22:50:09 #1 server] 
java.net.BindException: Address already in use: bind
	at java.base/sun.nio.ch.Net.bind0(Native Method)
	at java.base/sun.nio.ch.Net.bind(Net.java:555)
	at java.base/sun.nio.ch.Net.bind(Net.java:544)
	at java.base/sun.nio.ch.NioSocketImpl.bind(NioSocketImpl.java:643)
	at java.base/java.net.ServerSocket.bind(ServerSocket.java:388)
	at java.base/java.net.ServerSocket.<init>(ServerSocket.java:274)
	at java.base/java.net.ServerSocket.<init>(ServerSocket.java:218)
	at com.objectdb.o.SMR.I(SMR.java:259)
	at com.objectdb.o.SMR.n(SMR.java:159)
	at com.objectdb.o.TOL.run(TOL.java:116)
	at com.objectdb.Server.runCommand(Server.java:200)
	at com.objectdb.Server.run(Server.java:104)
	at com.objectdb.Server.main(Server.java:63)

------------------------------------------------------------------------------------------------------------------------

[2025-05-15 22:50:24 #1 server] 
java.net.BindException: Address already in use: bind
	at java.base/sun.nio.ch.Net.bind0(Native Method)
	at java.base/sun.nio.ch.Net.bind(Net.java:555)
	at java.base/sun.nio.ch.Net.bind(Net.java:544)
	at java.base/sun.nio.ch.NioSocketImpl.bind(NioSocketImpl.java:643)
	at java.base/java.net.ServerSocket.bind(ServerSocket.java:388)
	at java.base/java.net.ServerSocket.<init>(ServerSocket.java:274)
	at java.base/java.net.ServerSocket.<init>(ServerSocket.java:218)
	at com.objectdb.o.SMR.I(SMR.java:259)
	at com.objectdb.o.SMR.n(SMR.java:159)
	at com.objectdb.o.TOL.run(TOL.java:116)
	at com.objectdb.Server.runCommand(Server.java:200)
	at com.objectdb.Server.run(Server.java:104)
	at com.objectdb.Server.main(Server.java:63)

------------------------------------------------------------------------------------------------------------------------

[2025-05-15 22:50:29 #1 type] 
Type domain.Socio is not enhanced.

[2025-05-15 22:50:29 #2 type] 
Type domain.Factura is not enhanced.

[2025-05-15 22:50:29 #3 type] 
Type domain.Reserva is not enhanced.

[2025-05-15 22:50:29 #4 type] 
Type domain.TarjetaCuenta is not enhanced.

[2025-05-15 22:50:29 #5 type] 
Type domain.Sesion is not enhanced.

[2025-05-15 22:50:29 #6 type] 
Type domain.Sala is not enhanced.

[2025-05-15 22:50:29 #7 type] 
Type domain.Actividad is not enhanced.

[2025-05-15 22:50:29 #8 type] 
Type domain.Encargado is not enhanced.

------------------------------------------------------------------------------------------------------------------------

[2025-05-15 22:54:32 #1 type] 
Type domain.Socio is not enhanced.

[2025-05-15 22:54:32 #2 type] 
Type domain.Factura is not enhanced.

[2025-05-15 22:54:32 #3 type] 
Type domain.Reserva is not enhanced.

[2025-05-15 22:54:32 #4 type] 
Type domain.TarjetaCuenta is not enhanced.

[2025-05-15 22:54:32 #5 type] 
Type domain.Sesion is not enhanced.

[2025-05-15 22:54:32 #6 type] 
Type domain.Sala is not enhanced.

[2025-05-15 22:54:32 #7 type] 
Type domain.Actividad is not enhanced.

[2025-05-15 22:54:32 #8 type] 
Type domain.Encargado is not enhanced.

------------------------------------------------------------------------------------------------------------------------

[2025-05-15 22:54:49 #1 server] 
java.net.BindException: Address already in use: bind
	at java.base/sun.nio.ch.Net.bind0(Native Method)
	at java.base/sun.nio.ch.Net.bind(Net.java:555)
	at java.base/sun.nio.ch.Net.bind(Net.java:544)
	at java.base/sun.nio.ch.NioSocketImpl.bind(NioSocketImpl.java:643)
	at java.base/java.net.ServerSocket.bind(ServerSocket.java:388)
	at java.base/java.net.ServerSocket.<init>(ServerSocket.java:274)
	at java.base/java.net.ServerSocket.<init>(ServerSocket.java:218)
	at com.objectdb.o.SMR.I(SMR.java:259)
	at com.objectdb.o.SMR.n(SMR.java:159)
	at com.objectdb.o.TOL.run(TOL.java:116)
	at com.objectdb.Server.runCommand(Server.java:200)
	at com.objectdb.Server.run(Server.java:104)
	at com.objectdb.Server.main(Server.java:63)

------------------------------------------------------------------------------------------------------------------------

[2025-05-15 22:54:56 #1 server] 
java.net.BindException: Address already in use: bind
	at java.base/sun.nio.ch.Net.bind0(Native Method)
	at java.base/sun.nio.ch.Net.bind(Net.java:555)
	at java.base/sun.nio.ch.Net.bind(Net.java:544)
	at java.base/sun.nio.ch.NioSocketImpl.bind(NioSocketImpl.java:643)
	at java.base/java.net.ServerSocket.bind(ServerSocket.java:388)
	at java.base/java.net.ServerSocket.<init>(ServerSocket.java:274)
	at java.base/java.net.ServerSocket.<init>(ServerSocket.java:218)
	at com.objectdb.o.SMR.I(SMR.java:259)
	at com.objectdb.o.SMR.n(SMR.java:159)
	at com.objectdb.o.TOL.run(TOL.java:116)
	at com.objectdb.Server.runCommand(Server.java:200)
	at com.objectdb.Server.run(Server.java:104)
	at com.objectdb.Server.main(Server.java:63)

------------------------------------------------------------------------------------------------------------------------

[2025-05-15 22:55:01 #1 type] 
Type domain.Socio is not enhanced.

[2025-05-15 22:55:01 #2 type] 
Type domain.Factura is not enhanced.

[2025-05-15 22:55:01 #3 type] 
Type domain.Reserva is not enhanced.

[2025-05-15 22:55:01 #4 type] 
Type domain.TarjetaCuenta is not enhanced.

[2025-05-15 22:55:01 #5 type] 
Type domain.Sesion is not enhanced.

[2025-05-15 22:55:01 #6 type] 
Type domain.Sala is not enhanced.

[2025-05-15 22:55:01 #7 type] 
Type domain.Actividad is not enhanced.

[2025-05-15 22:55:01 #8 type] 
Type domain.Encargado is not enhanced.

------------------------------------------------------------------------------------------------------------------------

[2025-05-15 22:59:10 #1 server] 
java.net.BindException: Address already in use: bind
	at java.base/sun.nio.ch.Net.bind0(Native Method)
	at java.base/sun.nio.ch.Net.bind(Net.java:555)
	at java.base/sun.nio.ch.Net.bind(Net.java:544)
	at java.base/sun.nio.ch.NioSocketImpl.bind(NioSocketImpl.java:643)
	at java.base/java.net.ServerSocket.bind(ServerSocket.java:388)
	at java.base/java.net.ServerSocket.<init>(ServerSocket.java:274)
	at java.base/java.net.ServerSocket.<init>(ServerSocket.java:218)
	at com.objectdb.o.SMR.I(SMR.java:259)
	at com.objectdb.o.SMR.n(SMR.java:159)
	at com.objectdb.o.TOL.run(TOL.java:116)
	at com.objectdb.Server.runCommand(Server.java:200)
	at com.objectdb.Server.run(Server.java:104)
	at com.objectdb.Server.main(Server.java:63)

------------------------------------------------------------------------------------------------------------------------

[2025-05-15 22:59:21 #1 type] 
Type domain.Socio is not enhanced.

[2025-05-15 22:59:21 #2 type] 
Type domain.Factura is not enhanced.

[2025-05-15 22:59:21 #3 type] 
Type domain.Reserva is not enhanced.

[2025-05-15 22:59:21 #4 type] 
Type domain.TarjetaCuenta is not enhanced.

[2025-05-15 22:59:21 #5 type] 
Type domain.Sesion is not enhanced.

[2025-05-15 22:59:21 #6 type] 
Type domain.Sala is not enhanced.

[2025-05-15 22:59:21 #7 type] 
Type domain.Actividad is not enhanced.

[2025-05-15 22:59:21 #8 type] 
Type domain.Encargado is not enhanced.

------------------------------------------------------------------------------------------------------------------------

[2025-05-15 23:03:54 #1 server] 
java.net.BindException: Address already in use: bind
	at java.base/sun.nio.ch.Net.bind0(Native Method)
	at java.base/sun.nio.ch.Net.bind(Net.java:555)
	at java.base/sun.nio.ch.Net.bind(Net.java:544)
	at java.base/sun.nio.ch.NioSocketImpl.bind(NioSocketImpl.java:643)
	at java.base/java.net.ServerSocket.bind(ServerSocket.java:388)
	at java.base/java.net.ServerSocket.<init>(ServerSocket.java:274)
	at java.base/java.net.ServerSocket.<init>(ServerSocket.java:218)
	at com.objectdb.o.SMR.I(SMR.java:259)
	at com.objectdb.o.SMR.n(SMR.java:159)
	at com.objectdb.o.TOL.run(TOL.java:116)
	at com.objectdb.Server.runCommand(Server.java:200)
	at com.objectdb.Server.run(Server.java:104)
	at com.objectdb.Server.main(Server.java:63)

------------------------------------------------------------------------------------------------------------------------

[2025-05-15 23:04:00 #1 type] 
Type domain.Socio is not enhanced.

[2025-05-15 23:04:00 #2 type] 
Type domain.Factura is not enhanced.

[2025-05-15 23:04:00 #3 type] 
Type domain.Reserva is not enhanced.

[2025-05-15 23:04:00 #4 type] 
Type domain.TarjetaCuenta is not enhanced.

[2025-05-15 23:04:00 #5 type] 
Type domain.Sesion is not enhanced.

[2025-05-15 23:04:00 #6 type] 
Type domain.Sala is not enhanced.

[2025-05-15 23:04:00 #7 type] 
Type domain.Actividad is not enhanced.

[2025-05-15 23:04:00 #8 type] 
Type domain.Encargado is not enhanced.

------------------------------------------------------------------------------------------------------------------------

[2025-05-15 23:06:35 #1 server] 
java.net.BindException: Address already in use: bind
	at java.base/sun.nio.ch.Net.bind0(Native Method)
	at java.base/sun.nio.ch.Net.bind(Net.java:555)
	at java.base/sun.nio.ch.Net.bind(Net.java:544)
	at java.base/sun.nio.ch.NioSocketImpl.bind(NioSocketImpl.java:643)
	at java.base/java.net.ServerSocket.bind(ServerSocket.java:388)
	at java.base/java.net.ServerSocket.<init>(ServerSocket.java:274)
	at java.base/java.net.ServerSocket.<init>(ServerSocket.java:218)
	at com.objectdb.o.SMR.I(SMR.java:259)
	at com.objectdb.o.SMR.n(SMR.java:159)
	at com.objectdb.o.TOL.run(TOL.java:116)
	at com.objectdb.Server.runCommand(Server.java:200)
	at com.objectdb.Server.run(Server.java:104)
	at com.objectdb.Server.main(Server.java:63)

------------------------------------------------------------------------------------------------------------------------

[2025-05-15 23:06:40 #1 type] 
Type domain.Socio is not enhanced.

[2025-05-15 23:06:40 #2 type] 
Type domain.Factura is not enhanced.

[2025-05-15 23:06:40 #3 type] 
Type domain.Reserva is not enhanced.

[2025-05-15 23:06:40 #4 type] 
Type domain.TarjetaCuenta is not enhanced.

[2025-05-15 23:06:40 #5 type] 
Type domain.Sesion is not enhanced.

[2025-05-15 23:06:40 #6 type] 
Type domain.Sala is not enhanced.

[2025-05-15 23:06:40 #7 type] 
Type domain.Actividad is not enhanced.

[2025-05-15 23:06:40 #8 type] 
Type domain.Encargado is not enhanced.

------------------------------------------------------------------------------------------------------------------------

[2025-05-15 23:06:54 #1 server] 
java.net.BindException: Address already in use: bind
	at java.base/sun.nio.ch.Net.bind0(Native Method)
	at java.base/sun.nio.ch.Net.bind(Net.java:555)
	at java.base/sun.nio.ch.Net.bind(Net.java:544)
	at java.base/sun.nio.ch.NioSocketImpl.bind(NioSocketImpl.java:643)
	at java.base/java.net.ServerSocket.bind(ServerSocket.java:388)
	at java.base/java.net.ServerSocket.<init>(ServerSocket.java:274)
	at java.base/java.net.ServerSocket.<init>(ServerSocket.java:218)
	at com.objectdb.o.SMR.I(SMR.java:259)
	at com.objectdb.o.SMR.n(SMR.java:159)
	at com.objectdb.o.TOL.run(TOL.java:116)
	at com.objectdb.Server.runCommand(Server.java:200)
	at com.objectdb.Server.run(Server.java:104)
	at com.objectdb.Server.main(Server.java:63)

------------------------------------------------------------------------------------------------------------------------

[2025-05-15 23:06:59 #1 type] 
Type domain.Socio is not enhanced.

[2025-05-15 23:06:59 #2 type] 
Type domain.Factura is not enhanced.

[2025-05-15 23:06:59 #3 type] 
Type domain.Reserva is not enhanced.

[2025-05-15 23:06:59 #4 type] 
Type domain.TarjetaCuenta is not enhanced.

[2025-05-15 23:06:59 #5 type] 
Type domain.Sesion is not enhanced.

[2025-05-15 23:06:59 #6 type] 
Type domain.Sala is not enhanced.

[2025-05-15 23:06:59 #7 type] 
Type domain.Actividad is not enhanced.

[2025-05-15 23:06:59 #8 type] 
Type domain.Encargado is not enhanced.

------------------------------------------------------------------------------------------------------------------------

[2025-05-15 23:07:41 #1 server] 
Server on port 6136 has started by 496@DESKTOP-HSBRNNI

[2025-05-15 23:07:46 #2 store] 
Database 'C:\Users\Ilargi\Desktop\IS-1\PROYECTO GLOBAL\Implementacion\Proyecto_KIROL4ALL\Rides24\src\main\resources\db\src\main\resources\rides.temp' has been recovered (tr. 1-5)

[2025-05-15 23:07:46 #3 store] 
Database 'C:\Users\Ilargi\Desktop\IS-1\PROYECTO GLOBAL\Implementacion\Proyecto_KIROL4ALL\Rides24\src\main\resources\db\src\main\resources\rides.temp' is opened by 496@DESKTOP-HSBRNNI

------------------------------------------------------------------------------------------------------------------------

[2025-05-15 23:07:46 #1 type] 
Type domain.Socio is not enhanced.

[2025-05-15 23:07:46 #2 type] 
Type domain.Factura is not enhanced.

[2025-05-15 23:07:46 #3 type] 
Type domain.Reserva is not enhanced.

[2025-05-15 23:07:46 #4 type] 
Type domain.TarjetaCuenta is not enhanced.

[2025-05-15 23:07:46 #5 type] 
Type domain.Sesion is not enhanced.

[2025-05-15 23:07:46 #6 type] 
Type domain.Sala is not enhanced.

[2025-05-15 23:07:46 #7 type] 
Type domain.Actividad is not enhanced.

[2025-05-15 23:07:46 #8 type] 
Type domain.Encargado is not enhanced.

[2025-05-15 23:23:43 #4 store] 
Database 'C:\Users\Ilargi\Desktop\IS-1\PROYECTO GLOBAL\Implementacion\Proyecto_KIROL4ALL\Rides24\src\main\resources\db\src\main\resources\rides.temp' is closed by 496@DESKTOP-HSBRNNI

------------------------------------------------------------------------------------------------------------------------

[2025-05-15 23:23:50 #1 server] 
java.net.BindException: Address already in use: bind
	at java.base/sun.nio.ch.Net.bind0(Native Method)
	at java.base/sun.nio.ch.Net.bind(Net.java:555)
	at java.base/sun.nio.ch.Net.bind(Net.java:544)
	at java.base/sun.nio.ch.NioSocketImpl.bind(NioSocketImpl.java:643)
	at java.base/java.net.ServerSocket.bind(ServerSocket.java:388)
	at java.base/java.net.ServerSocket.<init>(ServerSocket.java:274)
	at java.base/java.net.ServerSocket.<init>(ServerSocket.java:218)
	at com.objectdb.o.SMR.I(SMR.java:259)
	at com.objectdb.o.SMR.n(SMR.java:159)
	at com.objectdb.o.TOL.run(TOL.java:116)
	at com.objectdb.Server.runCommand(Server.java:200)
	at com.objectdb.Server.run(Server.java:104)
	at com.objectdb.Server.main(Server.java:63)

------------------------------------------------------------------------------------------------------------------------

[2025-05-15 23:24:05 #1 server] 
java.net.BindException: Address already in use: bind
	at java.base/sun.nio.ch.Net.bind0(Native Method)
	at java.base/sun.nio.ch.Net.bind(Net.java:555)
	at java.base/sun.nio.ch.Net.bind(Net.java:544)
	at java.base/sun.nio.ch.NioSocketImpl.bind(NioSocketImpl.java:643)
	at java.base/java.net.ServerSocket.bind(ServerSocket.java:388)
	at java.base/java.net.ServerSocket.<init>(ServerSocket.java:274)
	at java.base/java.net.ServerSocket.<init>(ServerSocket.java:218)
	at com.objectdb.o.SMR.I(SMR.java:259)
	at com.objectdb.o.SMR.n(SMR.java:159)
	at com.objectdb.o.TOL.run(TOL.java:116)
	at com.objectdb.Server.runCommand(Server.java:200)
	at com.objectdb.Server.run(Server.java:104)
	at com.objectdb.Server.main(Server.java:63)

[2025-05-15 23:24:09 #5 store] 
Database 'C:\Users\Ilargi\Desktop\IS-1\PROYECTO GLOBAL\Implementacion\Proyecto_KIROL4ALL\Rides24\src\main\resources\db\src\main\resources\rides.temp' is opened by 496@DESKTOP-HSBRNNI

------------------------------------------------------------------------------------------------------------------------

[2025-05-15 23:24:09 #1 type] 
Type domain.Socio is not enhanced.

[2025-05-15 23:24:09 #2 type] 
Type domain.Factura is not enhanced.

[2025-05-15 23:24:09 #3 type] 
Type domain.Reserva is not enhanced.

[2025-05-15 23:24:09 #4 type] 
Type domain.TarjetaCuenta is not enhanced.

[2025-05-15 23:24:09 #5 type] 
Type domain.Sesion is not enhanced.

[2025-05-15 23:24:09 #6 type] 
Type domain.Sala is not enhanced.

[2025-05-15 23:24:09 #7 type] 
Type domain.Actividad is not enhanced.

[2025-05-15 23:24:09 #8 type] 
Type domain.Encargado is not enhanced.

[2025-05-15 23:35:07 #6 store] 
Database 'C:\Users\Ilargi\Desktop\IS-1\PROYECTO GLOBAL\Implementacion\Proyecto_KIROL4ALL\Rides24\src\main\resources\db\src\main\resources\rides.temp' is closed by 496@DESKTOP-HSBRNNI

------------------------------------------------------------------------------------------------------------------------

[2025-05-15 23:35:35 #1 server] 
java.net.BindException: Address already in use: bind
	at java.base/sun.nio.ch.Net.bind0(Native Method)
	at java.base/sun.nio.ch.Net.bind(Net.java:555)
	at java.base/sun.nio.ch.Net.bind(Net.java:544)
	at java.base/sun.nio.ch.NioSocketImpl.bind(NioSocketImpl.java:643)
	at java.base/java.net.ServerSocket.bind(ServerSocket.java:388)
	at java.base/java.net.ServerSocket.<init>(ServerSocket.java:274)
	at java.base/java.net.ServerSocket.<init>(ServerSocket.java:218)
	at com.objectdb.o.SMR.I(SMR.java:259)
	at com.objectdb.o.SMR.n(SMR.java:159)
	at com.objectdb.o.TOL.run(TOL.java:116)
	at com.objectdb.Server.runCommand(Server.java:200)
	at com.objectdb.Server.run(Server.java:104)
	at com.objectdb.Server.main(Server.java:63)

[2025-05-15 23:35:41 #7 store] 
Database 'C:\Users\Ilargi\Desktop\IS-1\PROYECTO GLOBAL\Implementacion\Proyecto_KIROL4ALL\Rides24\src\main\resources\db\src\main\resources\rides.temp' is opened by 496@DESKTOP-HSBRNNI

------------------------------------------------------------------------------------------------------------------------

[2025-05-15 23:35:41 #1 type] 
Type domain.Socio is not enhanced.

[2025-05-15 23:35:41 #2 type] 
Type domain.Factura is not enhanced.

[2025-05-15 23:35:41 #3 type] 
Type domain.Reserva is not enhanced.

[2025-05-15 23:35:41 #4 type] 
Type domain.TarjetaCuenta is not enhanced.

[2025-05-15 23:35:41 #5 type] 
Type domain.Sesion is not enhanced.

[2025-05-15 23:35:41 #6 type] 
Type domain.Sala is not enhanced.

[2025-05-15 23:35:41 #7 type] 
Type domain.Actividad is not enhanced.

[2025-05-15 23:35:41 #8 type] 
Type domain.Encargado is not enhanced.

[2025-05-15 23:37:32 #9 type.registry] 
New type java.util.ArrayList<java.lang.Object>

[2025-05-15 23:37:32 #10 type.registry] 
New type java.util.ArrayList<domain.Reserva>

[2025-05-15 23:39:10 #11 type.registry] 
New type java.util.ArrayList<domain.Factura>

------------------------------------------------------------------------------------------------------------------------

[2025-05-15 23:46:58 #1 store] 
Database 'C:\Users\Ilargi\Desktop\IS-1\PROYECTO GLOBAL\Implementacion\Proyecto_KIROL4ALL\Rides24\src\main\resources\rides.temp' is opened by 16048@DESKTOP-HSBRNNI

[2025-05-15 23:46:59 #2 type.registry] 
New type domain.Socio

[2025-05-15 23:46:59 #3 type] 
Type domain.Socio is not enhanced.

[2025-05-15 23:46:59 #4 type.registry] 
New type domain.Factura

[2025-05-15 23:46:59 #5 type.registry] 
New type domain.Reserva

[2025-05-15 23:46:59 #6 type.registry] 
New type domain.TarjetaCuenta

[2025-05-15 23:46:59 #7 type] 
Type domain.Factura is not enhanced.

[2025-05-15 23:46:59 #8 type] 
Type domain.Reserva is not enhanced.

[2025-05-15 23:46:59 #9 type.registry] 
New type domain.Sesion

[2025-05-15 23:46:59 #10 type] 
Type domain.TarjetaCuenta is not enhanced.

[2025-05-15 23:46:59 #11 type] 
Type domain.Sesion is not enhanced.

[2025-05-15 23:46:59 #12 type.registry] 
New type domain.Sala

[2025-05-15 23:46:59 #13 type.registry] 
New type domain.Actividad

[2025-05-15 23:46:59 #14 type] 
Type domain.Sala is not enhanced.

[2025-05-15 23:46:59 #15 type] 
Type domain.Actividad is not enhanced.

[2025-05-15 23:46:59 #16 type.registry] 
New type java.util.ArrayList<java.lang.Object>

[2025-05-15 23:46:59 #17 type.registry] 
New type java.util.ArrayList<domain.Reserva>

[2025-05-15 23:46:59 #18 type.registry] 
New type java.util.ArrayList<domain.Factura>

------------------------------------------------------------------------------------------------------------------------

[2025-05-15 23:47:43 #1 server] 
java.net.BindException: Address already in use: bind
	at java.base/sun.nio.ch.Net.bind0(Native Method)
	at java.base/sun.nio.ch.Net.bind(Net.java:555)
	at java.base/sun.nio.ch.Net.bind(Net.java:544)
	at java.base/sun.nio.ch.NioSocketImpl.bind(NioSocketImpl.java:643)
	at java.base/java.net.ServerSocket.bind(ServerSocket.java:388)
	at java.base/java.net.ServerSocket.<init>(ServerSocket.java:274)
	at java.base/java.net.ServerSocket.<init>(ServerSocket.java:218)
	at com.objectdb.o.SMR.I(SMR.java:259)
	at com.objectdb.o.SMR.n(SMR.java:159)
	at com.objectdb.o.TOL.run(TOL.java:116)
	at com.objectdb.Server.runCommand(Server.java:200)
	at com.objectdb.Server.run(Server.java:104)
	at com.objectdb.Server.main(Server.java:63)

------------------------------------------------------------------------------------------------------------------------

[2025-05-15 23:47:47 #1 type] 
Type domain.Socio is not enhanced.

[2025-05-15 23:47:47 #2 type] 
Type domain.Factura is not enhanced.

[2025-05-15 23:47:47 #3 type] 
Type domain.Reserva is not enhanced.

[2025-05-15 23:47:47 #4 type] 
Type domain.TarjetaCuenta is not enhanced.

[2025-05-15 23:47:47 #5 type] 
Type domain.Sesion is not enhanced.

[2025-05-15 23:47:47 #6 type] 
Type domain.Sala is not enhanced.

[2025-05-15 23:47:47 #7 type] 
Type domain.Actividad is not enhanced.

[2025-05-15 23:47:47 #8 type] 
Type domain.Encargado is not enhanced.

[2025-05-15 23:48:01 #8 store] 
Database 'C:\Users\Ilargi\Desktop\IS-1\PROYECTO GLOBAL\Implementacion\Proyecto_KIROL4ALL\Rides24\src\main\resources\db\src\main\resources\rides.temp' is closed by 496@DESKTOP-HSBRNNI

------------------------------------------------------------------------------------------------------------------------

[2025-05-15 23:48:08 #1 server] 
java.net.BindException: Address already in use: bind
	at java.base/sun.nio.ch.Net.bind0(Native Method)
	at java.base/sun.nio.ch.Net.bind(Net.java:555)
	at java.base/sun.nio.ch.Net.bind(Net.java:544)
	at java.base/sun.nio.ch.NioSocketImpl.bind(NioSocketImpl.java:643)
	at java.base/java.net.ServerSocket.bind(ServerSocket.java:388)
	at java.base/java.net.ServerSocket.<init>(ServerSocket.java:274)
	at java.base/java.net.ServerSocket.<init>(ServerSocket.java:218)
	at com.objectdb.o.SMR.I(SMR.java:259)
	at com.objectdb.o.SMR.n(SMR.java:159)
	at com.objectdb.o.TOL.run(TOL.java:116)
	at com.objectdb.Server.runCommand(Server.java:200)
	at com.objectdb.Server.run(Server.java:104)
	at com.objectdb.Server.main(Server.java:63)

[2025-05-15 23:48:11 #9 store] 
Database 'C:\Users\Ilargi\Desktop\IS-1\PROYECTO GLOBAL\Implementacion\Proyecto_KIROL4ALL\Rides24\src\main\resources\db\src\main\resources\rides.temp' is opened by 496@DESKTOP-HSBRNNI

------------------------------------------------------------------------------------------------------------------------

[2025-05-15 23:48:11 #1 type] 
Type domain.Socio is not enhanced.

[2025-05-15 23:48:11 #2 type] 
Type domain.Factura is not enhanced.

[2025-05-15 23:48:11 #3 type] 
Type domain.Reserva is not enhanced.

[2025-05-15 23:48:11 #4 type] 
Type domain.TarjetaCuenta is not enhanced.

[2025-05-15 23:48:11 #5 type] 
Type domain.Sesion is not enhanced.

[2025-05-15 23:48:11 #6 type] 
Type domain.Sala is not enhanced.

[2025-05-15 23:48:11 #7 type] 
Type domain.Actividad is not enhanced.

[2025-05-15 23:48:11 #8 type] 
Type domain.Encargado is not enhanced.

[2025-05-15 23:48:34 #10 store] 
Database 'C:\Users\Ilargi\Desktop\IS-1\PROYECTO GLOBAL\Implementacion\Proyecto_KIROL4ALL\Rides24\src\main\resources\db\src\main\resources\rides.temp' is closed by 496@DESKTOP-HSBRNNI

------------------------------------------------------------------------------------------------------------------------

[2025-05-15 23:48:57 #1 server] 
java.net.BindException: Address already in use: bind
	at java.base/sun.nio.ch.Net.bind0(Native Method)
	at java.base/sun.nio.ch.Net.bind(Net.java:555)
	at java.base/sun.nio.ch.Net.bind(Net.java:544)
	at java.base/sun.nio.ch.NioSocketImpl.bind(NioSocketImpl.java:643)
	at java.base/java.net.ServerSocket.bind(ServerSocket.java:388)
	at java.base/java.net.ServerSocket.<init>(ServerSocket.java:274)
	at java.base/java.net.ServerSocket.<init>(ServerSocket.java:218)
	at com.objectdb.o.SMR.I(SMR.java:259)
	at com.objectdb.o.SMR.n(SMR.java:159)
	at com.objectdb.o.TOL.run(TOL.java:116)
	at com.objectdb.Server.runCommand(Server.java:200)
	at com.objectdb.Server.run(Server.java:104)
	at com.objectdb.Server.main(Server.java:63)

[2025-05-15 23:49:01 #11 store] 
Database 'C:\Users\Ilargi\Desktop\IS-1\PROYECTO GLOBAL\Implementacion\Proyecto_KIROL4ALL\Rides24\src\main\resources\db\src\main\resources\rides.temp' is opened by 496@DESKTOP-HSBRNNI

------------------------------------------------------------------------------------------------------------------------

[2025-05-15 23:49:01 #1 type] 
Type domain.Socio is not enhanced.

[2025-05-15 23:49:01 #2 type] 
Type domain.Factura is not enhanced.

[2025-05-15 23:49:01 #3 type] 
Type domain.Reserva is not enhanced.

[2025-05-15 23:49:01 #4 type] 
Type domain.TarjetaCuenta is not enhanced.

[2025-05-15 23:49:01 #5 type] 
Type domain.Sesion is not enhanced.

[2025-05-15 23:49:01 #6 type] 
Type domain.Sala is not enhanced.

[2025-05-15 23:49:01 #7 type] 
Type domain.Actividad is not enhanced.

[2025-05-15 23:49:01 #8 type] 
Type domain.Encargado is not enhanced.

[2025-05-15 23:51:06 #12 store] 
Database 'C:\Users\Ilargi\Desktop\IS-1\PROYECTO GLOBAL\Implementacion\Proyecto_KIROL4ALL\Rides24\src\main\resources\db\src\main\resources\rides.temp' is closed by 496@DESKTOP-HSBRNNI

------------------------------------------------------------------------------------------------------------------------

[2025-05-15 23:51:45 #1 server] 
java.net.BindException: Address already in use: bind
	at java.base/sun.nio.ch.Net.bind0(Native Method)
	at java.base/sun.nio.ch.Net.bind(Net.java:555)
	at java.base/sun.nio.ch.Net.bind(Net.java:544)
	at java.base/sun.nio.ch.NioSocketImpl.bind(NioSocketImpl.java:643)
	at java.base/java.net.ServerSocket.bind(ServerSocket.java:388)
	at java.base/java.net.ServerSocket.<init>(ServerSocket.java:274)
	at java.base/java.net.ServerSocket.<init>(ServerSocket.java:218)
	at com.objectdb.o.SMR.I(SMR.java:259)
	at com.objectdb.o.SMR.n(SMR.java:159)
	at com.objectdb.o.TOL.run(TOL.java:116)
	at com.objectdb.Server.runCommand(Server.java:200)
	at com.objectdb.Server.run(Server.java:104)
	at com.objectdb.Server.main(Server.java:63)

[2025-05-15 23:51:49 #13 store] 
Database 'C:\Users\Ilargi\Desktop\IS-1\PROYECTO GLOBAL\Implementacion\Proyecto_KIROL4ALL\Rides24\src\main\resources\db\src\main\resources\rides.temp' is opened by 496@DESKTOP-HSBRNNI

------------------------------------------------------------------------------------------------------------------------

[2025-05-15 23:51:49 #1 type] 
Type domain.Socio is not enhanced.

[2025-05-15 23:51:49 #2 type] 
Type domain.Factura is not enhanced.

[2025-05-15 23:51:49 #3 type] 
Type domain.Reserva is not enhanced.

[2025-05-15 23:51:49 #4 type] 
Type domain.TarjetaCuenta is not enhanced.

[2025-05-15 23:51:49 #5 type] 
Type domain.Sesion is not enhanced.

[2025-05-15 23:51:49 #6 type] 
Type domain.Sala is not enhanced.

[2025-05-15 23:51:49 #7 type] 
Type domain.Actividad is not enhanced.

[2025-05-15 23:51:49 #8 type] 
Type domain.Encargado is not enhanced.

------------------------------------------------------------------------------------------------------------------------

[2025-05-15 23:53:34 #1 store] 
Database 'C:\Users\Ilargi\Desktop\IS-1\PROYECTO GLOBAL\Implementacion\Proyecto_KIROL4ALL\Rides24\src\main\resources\rides.temp' is opened by 18468@DESKTOP-HSBRNNI

[2025-05-15 23:53:34 #2 type.registry] 
New type domain.Socio

[2025-05-15 23:53:34 #3 type] 
Type domain.Socio is not enhanced.

[2025-05-15 23:53:34 #4 type.registry] 
New type domain.Factura

[2025-05-15 23:53:34 #5 type.registry] 
New type domain.Reserva

[2025-05-15 23:53:34 #6 type.registry] 
New type domain.TarjetaCuenta

[2025-05-15 23:53:34 #7 type] 
Type domain.Factura is not enhanced.

[2025-05-15 23:53:34 #8 type] 
Type domain.Reserva is not enhanced.

[2025-05-15 23:53:34 #9 type.registry] 
New type domain.Sesion

[2025-05-15 23:53:34 #10 type] 
Type domain.TarjetaCuenta is not enhanced.

[2025-05-15 23:53:34 #11 type] 
Type domain.Sesion is not enhanced.

[2025-05-15 23:53:34 #12 type.registry] 
New type domain.Sala

[2025-05-15 23:53:34 #13 type.registry] 
New type domain.Actividad

[2025-05-15 23:53:34 #14 type] 
Type domain.Sala is not enhanced.

[2025-05-15 23:53:34 #15 type] 
Type domain.Actividad is not enhanced.

[2025-05-15 23:53:34 #16 type.registry] 
New type java.util.ArrayList<java.lang.Object>

[2025-05-15 23:53:34 #17 type.registry] 
New type java.util.ArrayList<domain.Reserva>

[2025-05-15 23:53:34 #18 type.registry] 
New type java.util.ArrayList<domain.Factura>

------------------------------------------------------------------------------------------------------------------------

[2025-05-15 23:59:28 #1 server] 
java.net.BindException: Address already in use: bind
	at java.base/sun.nio.ch.Net.bind0(Native Method)
	at java.base/sun.nio.ch.Net.bind(Net.java:555)
	at java.base/sun.nio.ch.Net.bind(Net.java:544)
	at java.base/sun.nio.ch.NioSocketImpl.bind(NioSocketImpl.java:643)
	at java.base/java.net.ServerSocket.bind(ServerSocket.java:388)
	at java.base/java.net.ServerSocket.<init>(ServerSocket.java:274)
	at java.base/java.net.ServerSocket.<init>(ServerSocket.java:218)
	at com.objectdb.o.SMR.I(SMR.java:259)
	at com.objectdb.o.SMR.n(SMR.java:159)
	at com.objectdb.o.TOL.run(TOL.java:116)
	at com.objectdb.Server.runCommand(Server.java:200)
	at com.objectdb.Server.run(Server.java:104)
	at com.objectdb.Server.main(Server.java:63)

------------------------------------------------------------------------------------------------------------------------

[2025-05-15 23:59:32 #1 type] 
Type domain.Socio is not enhanced.

[2025-05-15 23:59:32 #2 type] 
Type domain.Factura is not enhanced.

[2025-05-15 23:59:32 #3 type] 
Type domain.Reserva is not enhanced.

[2025-05-15 23:59:32 #4 type] 
Type domain.TarjetaCuenta is not enhanced.

[2025-05-15 23:59:32 #5 type] 
Type domain.Sesion is not enhanced.

[2025-05-15 23:59:32 #6 type] 
Type domain.Sala is not enhanced.

[2025-05-15 23:59:32 #7 type] 
Type domain.Actividad is not enhanced.

[2025-05-15 23:59:32 #8 type] 
Type domain.Encargado is not enhanced.

[2025-05-15 23:59:40 #14 store] 
Database 'C:\Users\Ilargi\Desktop\IS-1\PROYECTO GLOBAL\Implementacion\Proyecto_KIROL4ALL\Rides24\src\main\resources\db\src\main\resources\rides.temp' is closed by 496@DESKTOP-HSBRNNI

------------------------------------------------------------------------------------------------------------------------

[2025-05-15 23:59:45 #1 server] 
java.net.BindException: Address already in use: bind
	at java.base/sun.nio.ch.Net.bind0(Native Method)
	at java.base/sun.nio.ch.Net.bind(Net.java:555)
	at java.base/sun.nio.ch.Net.bind(Net.java:544)
	at java.base/sun.nio.ch.NioSocketImpl.bind(NioSocketImpl.java:643)
	at java.base/java.net.ServerSocket.bind(ServerSocket.java:388)
	at java.base/java.net.ServerSocket.<init>(ServerSocket.java:274)
	at java.base/java.net.ServerSocket.<init>(ServerSocket.java:218)
	at com.objectdb.o.SMR.I(SMR.java:259)
	at com.objectdb.o.SMR.n(SMR.java:159)
	at com.objectdb.o.TOL.run(TOL.java:116)
	at com.objectdb.Server.runCommand(Server.java:200)
	at com.objectdb.Server.run(Server.java:104)
	at com.objectdb.Server.main(Server.java:63)

[2025-05-15 23:59:48 #15 store] 
Database 'C:\Users\Ilargi\Desktop\IS-1\PROYECTO GLOBAL\Implementacion\Proyecto_KIROL4ALL\Rides24\src\main\resources\db\src\main\resources\rides.temp' is opened by 496@DESKTOP-HSBRNNI

------------------------------------------------------------------------------------------------------------------------

[2025-05-15 23:59:48 #1 type] 
Type domain.Socio is not enhanced.

[2025-05-15 23:59:48 #2 type] 
Type domain.Factura is not enhanced.

[2025-05-15 23:59:48 #3 type] 
Type domain.Reserva is not enhanced.

[2025-05-15 23:59:48 #4 type] 
Type domain.TarjetaCuenta is not enhanced.

[2025-05-15 23:59:48 #5 type] 
Type domain.Sesion is not enhanced.

[2025-05-15 23:59:48 #6 type] 
Type domain.Sala is not enhanced.

[2025-05-15 23:59:48 #7 type] 
Type domain.Actividad is not enhanced.

[2025-05-15 23:59:48 #8 type] 
Type domain.Encargado is not enhanced.

[2025-05-16 00:01:39 #16 store] 
Database 'C:\Users\Ilargi\Desktop\IS-1\PROYECTO GLOBAL\Implementacion\Proyecto_KIROL4ALL\Rides24\src\main\resources\db\src\main\resources\rides.temp' is closed by 496@DESKTOP-HSBRNNI

[2025-05-16 00:01:55 #17 store] 
Database 'C:\Users\Ilargi\Desktop\IS-1\PROYECTO GLOBAL\Implementacion\Proyecto_KIROL4ALL\Rides24\src\main\resources\db\src\main\resources\rides.temp' is opened by 496@DESKTOP-HSBRNNI

[2025-05-16 00:03:01 #18 store] 
Database 'C:\Users\Ilargi\Desktop\IS-1\PROYECTO GLOBAL\Implementacion\Proyecto_KIROL4ALL\Rides24\src\main\resources\db\src\main\resources\rides.temp' is closed by 496@DESKTOP-HSBRNNI

[2025-05-16 00:04:09 #19 store] 
Database 'C:\Users\Ilargi\Desktop\IS-1\PROYECTO GLOBAL\Implementacion\Proyecto_KIROL4ALL\Rides24\src\main\resources\db\src\main\resources\rides.temp' is opened by 496@DESKTOP-HSBRNNI

[2025-05-16 00:18:10 #20 store] 
Database 'C:\Users\Ilargi\Desktop\IS-1\PROYECTO GLOBAL\Implementacion\Proyecto_KIROL4ALL\Rides24\src\main\resources\db\src\main\resources\rides.temp' is closed by 496@DESKTOP-HSBRNNI

[2025-05-16 00:39:34 #21 store] 
Database 'C:\Users\Ilargi\Desktop\IS-1\PROYECTO GLOBAL\Implementacion\Proyecto_KIROL4ALL\Rides24\src\main\resources\db\src\main\resources\rides.temp' is opened by 496@DESKTOP-HSBRNNI

[2025-05-16 00:41:48 #22 store] 
Database 'C:\Users\Ilargi\Desktop\IS-1\PROYECTO GLOBAL\Implementacion\Proyecto_KIROL4ALL\Rides24\src\main\resources\db\src\main\resources\rides.temp' is closed by 496@DESKTOP-HSBRNNI

[2025-05-16 00:44:07 #23 store] 
Database 'C:\Users\Ilargi\Desktop\IS-1\PROYECTO GLOBAL\Implementacion\Proyecto_KIROL4ALL\Rides24\src\main\resources\db\src\main\resources\rides.temp' is opened by 496@DESKTOP-HSBRNNI

[2025-05-16 00:44:46 #24 store] 
Database 'C:\Users\Ilargi\Desktop\IS-1\PROYECTO GLOBAL\Implementacion\Proyecto_KIROL4ALL\Rides24\src\main\resources\db\src\main\resources\rides.temp' is closed by 496@DESKTOP-HSBRNNI

[2025-05-16 00:47:35 #25 store] 
Database 'C:\Users\Ilargi\Desktop\IS-1\PROYECTO GLOBAL\Implementacion\Proyecto_KIROL4ALL\Rides24\src\main\resources\db\src\main\resources\rides.temp' is opened by 496@DESKTOP-HSBRNNI

[2025-05-16 00:47:52 #26 store] 
Database 'C:\Users\Ilargi\Desktop\IS-1\PROYECTO GLOBAL\Implementacion\Proyecto_KIROL4ALL\Rides24\src\main\resources\db\src\main\resources\rides.temp' is closed by 496@DESKTOP-HSBRNNI

[2025-05-16 00:48:50 #27 store] 
Database 'C:\Users\Ilargi\Desktop\IS-1\PROYECTO GLOBAL\Implementacion\Proyecto_KIROL4ALL\Rides24\src\main\resources\db\src\main\resources\rides.temp' is opened by 496@DESKTOP-HSBRNNI

[2025-05-16 00:49:14 #28 store] 
Database 'C:\Users\Ilargi\Desktop\IS-1\PROYECTO GLOBAL\Implementacion\Proyecto_KIROL4ALL\Rides24\src\main\resources\db\src\main\resources\rides.temp' is closed by 496@DESKTOP-HSBRNNI

[2025-05-16 01:05:30 #29 store] 
Database 'C:\Users\Ilargi\Desktop\IS-1\PROYECTO GLOBAL\Implementacion\Proyecto_KIROL4ALL\Rides24\src\main\resources\db\src\main\resources\rides.temp' is opened by 496@DESKTOP-HSBRNNI

[2025-05-16 01:10:10 #30 store] 
Database 'C:\Users\Ilargi\Desktop\IS-1\PROYECTO GLOBAL\Implementacion\Proyecto_KIROL4ALL\Rides24\src\main\resources\db\src\main\resources\rides.temp' is closed by 496@DESKTOP-HSBRNNI

[2025-05-16 01:10:23 #31 store] 
Database 'C:\Users\Ilargi\Desktop\IS-1\PROYECTO GLOBAL\Implementacion\Proyecto_KIROL4ALL\Rides24\src\main\resources\db\src\main\resources\rides.temp' is opened by 496@DESKTOP-HSBRNNI

[2025-05-16 02:05:26 #32 store] 
Database 'C:\Users\Ilargi\Desktop\IS-1\PROYECTO GLOBAL\Implementacion\Proyecto_KIROL4ALL\Rides24\src\main\resources\db\src\main\resources\rides.temp' is closed by 496@DESKTOP-HSBRNNI

